<?xml version="1.0" encoding="UTF-8"?>
<testsuite name="de.oc.dbdoc.test.TestDiagram" tests="2" skipped="0" failures="0" errors="0" timestamp="2023-01-06T09:49:48" hostname="LAPTOP-LM9GEKRQ" time="0.011">
  <properties/>
  <testcase name="testSubinclude" classname="de.oc.dbdoc.test.TestDiagram" time="0.01"/>
  <testcase name="test" classname="de.oc.dbdoc.test.TestDiagram" time="0.001"/>
  <system-out><![CDATA[]]></system-out>
  <system-err><![CDATA[]]></system-err>
</testsuite>
