<?xml version="1.0" encoding="UTF-8"?>
<testsuite name="de.oc.dbdoc.test.TestGraphPrinting" tests="10" skipped="0" failures="0" errors="0" timestamp="2023-01-06T09:49:48" hostname="LAPTOP-LM9GEKRQ" time="0.041">
  <properties/>
  <testcase name="testSingleTable1" classname="de.oc.dbdoc.test.TestGraphPrinting" time="0.024"/>
  <testcase name="testSingleTable2" classname="de.oc.dbdoc.test.TestGraphPrinting" time="0.002"/>
  <testcase name="testSingleTable3WithAllDescendants" classname="de.oc.dbdoc.test.TestGraphPrinting" time="0.002"/>
  <testcase name="testSingleTable1OutrefOnly" classname="de.oc.dbdoc.test.TestGraphPrinting" time="0.001"/>
  <testcase name="testSingleTable2WithAllAncestors" classname="de.oc.dbdoc.test.TestGraphPrinting" time="0.002"/>
  <testcase name="testGraphTable1Table2" classname="de.oc.dbdoc.test.TestGraphPrinting" time="0.002"/>
  <testcase name="testGraphTable1Table3" classname="de.oc.dbdoc.test.TestGraphPrinting" time="0.002"/>
  <testcase name="testGraphTable1Table3OutrefOnly" classname="de.oc.dbdoc.test.TestGraphPrinting" time="0.002"/>
  <testcase name="testSingleTable2OutrefOnly" classname="de.oc.dbdoc.test.TestGraphPrinting" time="0.001"/>
  <testcase name="testSingleTable1WithAllAncestors" classname="de.oc.dbdoc.test.TestGraphPrinting" time="0.002"/>
  <system-out><![CDATA[digraph G {
graph [nodesep="1", overlap="false", ranksep="2", splines="polyline"];
edge [fontname="Sans",fontsize=10,labelfontname="Sans",labelfontsize=10];
node [fontname="Sans",fontsize=10,shape=record,style=filled];
T2 [URL="tab_t2.html",tooltip="T2",label="{T2\l|C_ID,\l...\l}"]
subgraph cluster_t1 { label="T1" style="dashed" fontsize="20" URL="index.html"
T1 [URL="tab_t1.html",tooltip="T1",label="{T1\l|C_ID,\lC_REF,\lC3\l}"]
}
T2 -> T1 [label="T1_TO_T2", taillabel="", headlabel="*",dir=back,arrowhead=none,arrowtail=none]
}

digraph G {
graph [nodesep="1", overlap="false", ranksep="2", splines="polyline"];
edge [fontname="Sans",fontsize=10,labelfontname="Sans",labelfontsize=10];
node [fontname="Sans",fontsize=10,shape=record,style=filled];
T1 [URL="tab_t1.html",tooltip="T1",label="{T1\l|C_REF,\l...\l}"]
T3 [URL="tab_t3.html",tooltip="T3",label="{T3\l|C_ID,\l...\l}"]
subgraph cluster_t2 { label="T2" style="dashed" fontsize="20" URL="index.html"
T2 [URL="tab_t2.html",tooltip="T2",label="{T2\l|C_ID,\lC_REF,\lC3\l}"]
}
T2 -> T1 [label="T1_TO_T2", taillabel="", headlabel="*",dir=back,arrowhead=none,arrowtail=none]
T3 -> T2 [label="T2_TO_T3", taillabel="", headlabel="*",dir=back,arrowhead=none,arrowtail=none]
}

digraph G {
graph [nodesep="1", overlap="false", ranksep="2", splines="polyline"];
edge [fontname="Sans",fontsize=10,labelfontname="Sans",labelfontsize=10];
node [fontname="Sans",fontsize=10,shape=record,style=filled];
T1 [URL="tab_t1.html",tooltip="T1",label="{T1\l|C_REF,\l...\l}"]
T2 [URL="tab_t2.html",tooltip="T2",label="{T2\l|C_ID,\lC_REF,\l...\l}"]
subgraph cluster_t3_descendants { label="T3-Descendants" style="dashed" fontsize="20" URL="index.html"
T3 [URL="tab_t3.html",tooltip="T3",label="{T3\l|C_ID,\lC_REF,\lC3\l}"]
}
T2 -> T1 [label="T1_TO_T2", taillabel="", headlabel="*",dir=back,arrowhead=none,arrowtail=none]
T3 -> T2 [label="T2_TO_T3", taillabel="", headlabel="*",dir=back,arrowhead=none,arrowtail=none]
}

digraph G {
graph [nodesep="1", overlap="false", ranksep="2", splines="polyline"];
edge [fontname="Sans",fontsize=10,labelfontname="Sans",labelfontsize=10];
node [fontname="Sans",fontsize=10,shape=record,style=filled];
T2 [URL="tab_t2_outref.html",tooltip="T2",label="{T2\l|C_ID,\l...\l}"]
subgraph cluster_t1 { label="T1" style="dashed" fontsize="20" URL="index_outref.html"
T1 [URL="tab_t1_outref.html",tooltip="T1",label="{T1\l|C_ID,\lC_REF,\lC3\l}"]
}
T2 -> T1 [label="T1_TO_T2", taillabel="", headlabel="*",dir=back,arrowhead=none,arrowtail=none]
}

digraph G {
graph [nodesep="1", overlap="false", ranksep="2", splines="polyline"];
edge [fontname="Sans",fontsize=10,labelfontname="Sans",labelfontsize=10];
node [fontname="Sans",fontsize=10,shape=record,style=filled];
T3 [URL="tab_t3.html",tooltip="T3",label="{T3\l|C_ID,\lC_REF,\l...\l}"]
T5 [URL="tab_t5.html",tooltip="T5",label="{T5\l|C_ID,\l...\l}"]
subgraph cluster_t2_ancestors { label="T2-Ancestors" style="dashed" fontsize="20" URL="index.html"
T2 [URL="tab_t2.html",tooltip="T2",label="{T2\l|C_ID,\lC_REF,\lC3\l}"]
}
T3 -> T2 [label="T2_TO_T3", taillabel="", headlabel="*",dir=back,arrowhead=none,arrowtail=none]
T5 -> T3 [label="T3_TO_T5", taillabel="", headlabel="*",dir=back,arrowhead=none,arrowtail=none]
}

digraph G {
graph [nodesep="1", overlap="false", ranksep="2", splines="polyline"];
edge [fontname="Sans",fontsize=10,labelfontname="Sans",labelfontsize=10];
node [fontname="Sans",fontsize=10,shape=record,style=filled];
T3 [URL="tab_t3.html",tooltip="T3",label="{T3\l|C_ID,\l...\l}"]
subgraph cluster_d1 { label="D1" style="dashed" fontsize="20" URL="index.html"
T1 [URL="tab_t1.html",tooltip="T1",label="{T1\l|C_ID,\lC_REF,\lC3\l}"]
T2 [URL="tab_t2.html",tooltip="T2",label="{T2\l|C_ID,\lC_REF,\lC3\l}"]
}
T2 -> T1 [label="T1_TO_T2", taillabel="", headlabel="*",dir=back,arrowhead=none,arrowtail=none]
T3 -> T2 [label="T2_TO_T3", taillabel="", headlabel="*",dir=back,arrowhead=none,arrowtail=none]
}

digraph G {
graph [nodesep="1", overlap="false", ranksep="2", splines="polyline"];
edge [fontname="Sans",fontsize=10,labelfontname="Sans",labelfontsize=10];
node [fontname="Sans",fontsize=10,shape=record,style=filled];
T2 [URL="tab_t2.html",tooltip="T2",label="{T2\l|C_ID,\lC_REF,\l...\l}"]
T5 [URL="tab_t5.html",tooltip="T5",label="{T5\l|C_ID,\l...\l}"]
subgraph cluster_d1 { label="D1" style="dashed" fontsize="20" URL="index.html"
T1 [URL="tab_t1.html",tooltip="T1",label="{T1\l|C_ID,\lC_REF,\lC3\l}"]
T3 [URL="tab_t3.html",tooltip="T3",label="{T3\l|C_ID,\lC_REF,\lC3\l}"]
}
T2 -> T1 [label="T1_TO_T2", taillabel="", headlabel="*",dir=back,arrowhead=none,arrowtail=none]
T3 -> T2 [label="T2_TO_T3", taillabel="", headlabel="*",dir=back,arrowhead=none,arrowtail=none]
T5 -> T3 [label="T3_TO_T5", taillabel="", headlabel="*",dir=back,arrowhead=none,arrowtail=none]
}

digraph G {
graph [nodesep="1", overlap="false", ranksep="2", splines="polyline"];
edge [fontname="Sans",fontsize=10,labelfontname="Sans",labelfontsize=10];
node [fontname="Sans",fontsize=10,shape=record,style=filled];
T2 [URL="tab_t2_outref.html",tooltip="T2",label="{T2\l|C_ID,\l...\l}"]
T5 [URL="tab_t5_outref.html",tooltip="T5",label="{T5\l|C_ID,\l...\l}"]
subgraph cluster_d1 { label="D1" style="dashed" fontsize="20" URL="index_outref.html"
T1 [URL="tab_t1_outref.html",tooltip="T1",label="{T1\l|C_ID,\lC_REF,\lC3\l}"]
T3 [URL="tab_t3_outref.html",tooltip="T3",label="{T3\l|C_ID,\lC_REF,\lC3\l}"]
}
T2 -> T1 [label="T1_TO_T2", taillabel="", headlabel="*",dir=back,arrowhead=none,arrowtail=none]
T5 -> T3 [label="T3_TO_T5", taillabel="", headlabel="*",dir=back,arrowhead=none,arrowtail=none]
}

digraph G {
graph [nodesep="1", overlap="false", ranksep="2", splines="polyline"];
edge [fontname="Sans",fontsize=10,labelfontname="Sans",labelfontsize=10];
node [fontname="Sans",fontsize=10,shape=record,style=filled];
T3 [URL="tab_t3_outref.html",tooltip="T3",label="{T3\l|C_ID,\l...\l}"]
subgraph cluster_t2 { label="T2" style="dashed" fontsize="20" URL="index_outref.html"
T2 [URL="tab_t2_outref.html",tooltip="T2",label="{T2\l|C_ID,\lC_REF,\lC3\l}"]
}
T3 -> T2 [label="T2_TO_T3", taillabel="", headlabel="*",dir=back,arrowhead=none,arrowtail=none]
}

digraph G {
graph [nodesep="1", overlap="false", ranksep="2", splines="polyline"];
edge [fontname="Sans",fontsize=10,labelfontname="Sans",labelfontsize=10];
node [fontname="Sans",fontsize=10,shape=record,style=filled];
T2 [URL="tab_t2.html",tooltip="T2",label="{T2\l|C_ID,\lC_REF,\l...\l}"]
T3 [URL="tab_t3.html",tooltip="T3",label="{T3\l|C_ID,\lC_REF,\l...\l}"]
T5 [URL="tab_t5.html",tooltip="T5",label="{T5\l|C_ID,\l...\l}"]
subgraph cluster_t1_ancestors { label="T1-Ancestors" style="dashed" fontsize="20" URL="index.html"
T1 [URL="tab_t1.html",tooltip="T1",label="{T1\l|C_ID,\lC_REF,\lC3\l}"]
}
T2 -> T1 [label="T1_TO_T2", taillabel="", headlabel="*",dir=back,arrowhead=none,arrowtail=none]
T3 -> T2 [label="T2_TO_T3", taillabel="", headlabel="*",dir=back,arrowhead=none,arrowtail=none]
T5 -> T3 [label="T3_TO_T5", taillabel="", headlabel="*",dir=back,arrowhead=none,arrowtail=none]
}

]]></system-out>
  <system-err><![CDATA[]]></system-err>
</testsuite>
